c:\users\harrisg\documents\teaching\projectsongithub\2022\game307\game307_studenttemplate\game307_studenttemplate\debug\vc143.pdb
c:\users\harrisg\documents\teaching\projectsongithub\2022\game307\game307_studenttemplate\game307_studenttemplate\debug\vc143.idb
c:\users\harrisg\documents\teaching\projectsongithub\2022\game307\game307_studenttemplate\game307_studenttemplate\debug\steeringbehaviour.obj
c:\users\harrisg\documents\teaching\projectsongithub\2022\game307\game307_studenttemplate\game307_studenttemplate\debug\staticbody.obj
c:\users\harrisg\documents\teaching\projectsongithub\2022\game307\game307_studenttemplate\game307_studenttemplate\debug\statemachine.obj
c:\users\harrisg\documents\teaching\projectsongithub\2022\game307\game307_studenttemplate\game307_studenttemplate\debug\seek.obj
c:\users\harrisg\documents\teaching\projectsongithub\2022\game307\game307_studenttemplate\game307_studenttemplate\debug\scene2.obj
c:\users\harrisg\documents\teaching\projectsongithub\2022\game307\game307_studenttemplate\game307_studenttemplate\debug\scene1.obj
c:\users\harrisg\documents\teaching\projectsongithub\2022\game307\game307_studenttemplate\game307_studenttemplate\debug\playerinrange.obj
c:\users\harrisg\documents\teaching\projectsongithub\2022\game307\game307_studenttemplate\game307_studenttemplate\debug\playerbody.obj
c:\users\harrisg\documents\teaching\projectsongithub\2022\game307\game307_studenttemplate\game307_studenttemplate\debug\node.obj
c:\users\harrisg\documents\teaching\projectsongithub\2022\game307\game307_studenttemplate\game307_studenttemplate\debug\main.obj
c:\users\harrisg\documents\teaching\projectsongithub\2022\game307\game307_studenttemplate\game307_studenttemplate\debug\kinematicsteeringoutput.obj
c:\users\harrisg\documents\teaching\projectsongithub\2022\game307\game307_studenttemplate\game307_studenttemplate\debug\kinematicseek.obj
c:\users\harrisg\documents\teaching\projectsongithub\2022\game307\game307_studenttemplate\game307_studenttemplate\debug\graph.obj
c:\users\harrisg\documents\teaching\projectsongithub\2022\game307\game307_studenttemplate\game307_studenttemplate\debug\gamemanager.obj
c:\users\harrisg\documents\teaching\projectsongithub\2022\game307\game307_studenttemplate\game307_studenttemplate\debug\decisiontreenode.obj
c:\users\harrisg\documents\teaching\projectsongithub\2022\game307\game307_studenttemplate\game307_studenttemplate\debug\decision.obj
c:\users\harrisg\documents\teaching\projectsongithub\2022\game307\game307_studenttemplate\game307_studenttemplate\debug\condition.obj
c:\users\harrisg\documents\teaching\projectsongithub\2022\game307\game307_studenttemplate\game307_studenttemplate\debug\character.obj
c:\users\harrisg\documents\teaching\projectsongithub\2022\game307\game307_studenttemplate\game307_studenttemplate\debug\body.obj
c:\users\harrisg\documents\teaching\projectsongithub\2022\game307\game307_studenttemplate\game307_studenttemplate\debug\action.obj
c:\users\harrisg\documents\teaching\projectsongithub\2022\game307\game307_studenttemplate\game307_studenttemplate\debug\window.obj
c:\users\harrisg\documents\teaching\projectsongithub\2022\game307\game307_studenttemplate\game307_studenttemplate\debug\timer.obj
c:\users\harrisg\documents\teaching\projectsongithub\2022\game307\game307_studenttemplate\game307_studenttemplate\debug\tile.obj
c:\users\harrisg\documents\teaching\projectsongithub\2022\game307\game307_studenttemplate\game307_studenttemplate\debug\steeringoutput.obj
c:\users\harrisg\documents\teaching\projectsongithub\2022\game307\game307_studenttemplate\game307_studenttemplate\debug\kinematicbody.obj
c:\users\harrisg\documents\teaching\projectsongithub\2022\game307\game307_studenttemplate\game307_studenttemplate\debug\safecharacter.obj
c:\users\harrisg\documents\teaching\projectsongithub\2022\game307\game307_studenttemplate\debug\game307_studenttemplate.exe
c:\users\harrisg\documents\teaching\projectsongithub\2022\game307\game307_studenttemplate\debug\game307_studenttemplate.pdb
c:\users\harrisg\documents\teaching\projectsongithub\2022\game307\game307_studenttemplate\game307_studenttemplate\debug\game307_studenttemplate.ilk
c:\users\harrisg\documents\teaching\projectsongithub\2022\game307\game307_studenttemplate\game307_studenttemplate\debug\game307_.43aaaf36.tlog\cl.command.1.tlog
c:\users\harrisg\documents\teaching\projectsongithub\2022\game307\game307_studenttemplate\game307_studenttemplate\debug\game307_.43aaaf36.tlog\cl.items.tlog
c:\users\harrisg\documents\teaching\projectsongithub\2022\game307\game307_studenttemplate\game307_studenttemplate\debug\game307_.43aaaf36.tlog\cl.read.1.tlog
c:\users\harrisg\documents\teaching\projectsongithub\2022\game307\game307_studenttemplate\game307_studenttemplate\debug\game307_.43aaaf36.tlog\cl.write.1.tlog
c:\users\harrisg\documents\teaching\projectsongithub\2022\game307\game307_studenttemplate\game307_studenttemplate\debug\game307_.43aaaf36.tlog\link.command.1.tlog
c:\users\harrisg\documents\teaching\projectsongithub\2022\game307\game307_studenttemplate\game307_studenttemplate\debug\game307_.43aaaf36.tlog\link.read.1.tlog
c:\users\harrisg\documents\teaching\projectsongithub\2022\game307\game307_studenttemplate\game307_studenttemplate\debug\game307_.43aaaf36.tlog\link.secondary.1.tlog
c:\users\harrisg\documents\teaching\projectsongithub\2022\game307\game307_studenttemplate\game307_studenttemplate\debug\game307_.43aaaf36.tlog\link.write.1.tlog
